$$\      $$\ $$$$$$$$\ $$$$$$$\   $$$$$$\  $$$$$$$$\ $$$$$$$\  $$\    $$\
$$ | $\  $$ |$$  _____|$$  __$$\ $$  __$$\ $$  _____|$$  __$$\ $$ |   $$ |
$$ |$$$\ $$ |$$ |      $$ |  $$ |$$ /  \__|$$ |      $$ |  $$ |$$ |   $$ |
$$ $$ $$\$$ |$$$$$\    $$$$$$$\ |\$$$$$$\  $$$$$\    $$$$$$$  |\$$\  $$  |
$$$$  _$$$$ |$$  __|   $$  __$$\  \____$$\ $$  __|   $$  __$$<  \$$\$$  /
$$$  / \$$$ |$$ |      $$ |  $$ |$$\   $$ |$$ |      $$ |  $$ |  \$$$  /
$$  /   \$$ |$$$$$$$$\ $$$$$$$  |\$$$$$$  |$$$$$$$$\ $$ |  $$ |   \$  /
\__/     \__|\________|\_______/  \______/ \________|\__|  \__|    \_/
Server name : webmajordome.42.fr
Port : 80
URL : http://localhost:80
Port : 81
URL : http://localhost:81
Port : 82
URL : http://localhost:82
Port : 83
URL : http://localhost:83
Server name : webmajordome.42.fr
Port : 90
URL : http://localhost:90
Port : 91
URL : http://localhost:91
Port : 92
URL : http://localhost:92
Port : 93
URL : http://localhost:93
[36m
Request  : Method <GET> Path </index.html>[0m
path : /index.html
[32mResponse : status <200 OK>[0m
[36m
Request  : Method <GET> Path </img/rick-roll.gif>[0m
path : /img/rick-roll.gif
[32mResponse : status <200 OK>[0m
[36m
Request  : Method <GET> Path </styles.css>[0m
path : /styles.css
[32mResponse : status <200 OK>[0m
[36m
Request  : Method <GET> Path </rickrollsound.mp3>[0m
path : /rickrollsound.mp3
[32mResponse : status <200 OK>[0m
[36m
Request  : Method <GET> Path </index.html>[0m
path : /index.html
[32mResponse : status <200 OK>[0m
[36m
Request  : Method <GET> Path </rickroll.mp4>[0m
path : /rickroll.mp4
[32mResponse : status <200 OK>[0m
